<?xml version="1.0" encoding="UTF-8"?>
<testsuite name="JUnit Jupiter" tests="1" skipped="0" failures="0" errors="0" time="0.332" hostname="SurfaceBook3" timestamp="2021-04-29T01:11:42">
<properties>
<property name="awt.toolkit" value="sun.awt.X11.XToolkit"/>
<property name="file.encoding" value="UTF-8"/>
<property name="file.separator" value="/"/>
<property name="java.awt.graphicsenv" value="sun.awt.X11GraphicsEnvironment"/>
<property name="java.awt.printerjob" value="sun.print.PSPrinterJob"/>
<property name="java.class.path" value="/mnt/c/Users/od_19/OneDrive/Documents/PhD/teaching/OO/12x003/TP/TP6_solutionAvecIntrospection/build/classes/java/test:/mnt/c/Users/od_19/OneDrive/Documents/PhD/teaching/OO/12x003/TP/TP6_solutionAvecIntrospection/build/resources/test:/mnt/c/Users/od_19/OneDrive/Documents/PhD/teaching/OO/12x003/TP/TP6_solutionAvecIntrospection/build/classes/java/main:/mnt/c/Users/od_19/OneDrive/Documents/PhD/teaching/OO/12x003/TP/TP6_solutionAvecIntrospection/build/resources/main:/home/od/.gradle/caches/modules-2/files-2.1/org.junit.jupiter/junit-jupiter-engine/5.0.1/e22d2bf87f43fb03fee14dea447b2a14f41b095f/junit-jupiter-engine-5.0.1.jar:/home/od/.gradle/caches/modules-2/files-2.1/org.junit.jupiter/junit-jupiter-api/5.0.1/30fbf4448c594cb45d8e91630d6bb7f465906b88/junit-jupiter-api-5.0.1.jar:/home/od/.gradle/caches/modules-2/files-2.1/org.junit.platform/junit-platform-engine/1.0.1/4ce0a37866312c18ea3f45818f2faec077e46e0/junit-platform-engine-1.0.1.jar:/home/od/.gradle/caches/modules-2/files-2.1/org.opentest4j/opentest4j/1.0.0/6f09c598e9ff64bf0ce2fa7e7de49a99ba83c0b4/opentest4j-1.0.0.jar:/home/od/.gradle/caches/modules-2/files-2.1/org.junit.platform/junit-platform-commons/1.0.1/3632e4a74a43d3ae8d29e6fa172cbc29590bda03/junit-platform-commons-1.0.1.jar:/home/od/.gradle/caches/modules-2/files-2.1/org.junit.platform/junit-platform-console/1.0.1/3892e08f30d92a88addc73f3a5f9575be864cec/junit-platform-console-1.0.1.jar:/home/od/.gradle/caches/modules-2/files-2.1/org.junit.platform/junit-platform-launcher/1.0.1/5562631a34e4eefefdad04cdd49a50774d6ac777/junit-platform-launcher-1.0.1.jar"/>
<property name="java.class.version" value="55.0"/>
<property name="java.home" value="/usr/lib/jvm/java-11-openjdk-amd64"/>
<property name="java.io.tmpdir" value="/tmp"/>
<property name="java.library.path" value="/usr/java/packages/lib:/usr/lib/x86_64-linux-gnu/jni:/lib/x86_64-linux-gnu:/usr/lib/x86_64-linux-gnu:/usr/lib/jni:/lib:/usr/lib"/>
<property name="java.runtime.name" value="OpenJDK Runtime Environment"/>
<property name="java.runtime.version" value="11.0.10+9-Ubuntu-0ubuntu1.20.04"/>
<property name="java.specification.name" value="Java Platform API Specification"/>
<property name="java.specification.vendor" value="Oracle Corporation"/>
<property name="java.specification.version" value="11"/>
<property name="java.vendor" value="Ubuntu"/>
<property name="java.vendor.url" value="https://ubuntu.com/"/>
<property name="java.vendor.url.bug" value="https://bugs.launchpad.net/ubuntu/+source/openjdk-lts"/>
<property name="java.version" value="11.0.10"/>
<property name="java.version.date" value="2021-01-19"/>
<property name="java.vm.compressedOopsMode" value="Zero based"/>
<property name="java.vm.info" value="mixed mode, sharing"/>
<property name="java.vm.name" value="OpenJDK 64-Bit Server VM"/>
<property name="java.vm.specification.name" value="Java Virtual Machine Specification"/>
<property name="java.vm.specification.vendor" value="Oracle Corporation"/>
<property name="java.vm.specification.version" value="11"/>
<property name="java.vm.vendor" value="Ubuntu"/>
<property name="java.vm.version" value="11.0.10+9-Ubuntu-0ubuntu1.20.04"/>
<property name="jdk.debug" value="release"/>
<property name="line.separator" value="
"/>
<property name="os.arch" value="amd64"/>
<property name="os.name" value="Linux"/>
<property name="os.version" value="4.19.128-microsoft-standard"/>
<property name="path.separator" value=":"/>
<property name="sun.arch.data.model" value="64"/>
<property name="sun.boot.library.path" value="/usr/lib/jvm/java-11-openjdk-amd64/lib"/>
<property name="sun.cpu.endian" value="little"/>
<property name="sun.cpu.isalist" value=""/>
<property name="sun.io.unicode.encoding" value="UnicodeLittle"/>
<property name="sun.java.command" value="org.junit.platform.console.ConsoleLauncher --details NONE --scan-class-path /mnt/c/Users/od_19/OneDrive/Documents/PhD/teaching/OO/12x003/TP/TP6_solutionAvecIntrospection/build/classes/java/main:/mnt/c/Users/od_19/OneDrive/Documents/PhD/teaching/OO/12x003/TP/TP6_solutionAvecIntrospection/build/resources/main:/mnt/c/Users/od_19/OneDrive/Documents/PhD/teaching/OO/12x003/TP/TP6_solutionAvecIntrospection/build/classes/java/test:/mnt/c/Users/od_19/OneDrive/Documents/PhD/teaching/OO/12x003/TP/TP6_solutionAvecIntrospection/build/resources/test -n ^.*Tests?$ --reports-dir /mnt/c/Users/od_19/OneDrive/Documents/PhD/teaching/OO/12x003/TP/TP6_solutionAvecIntrospection/build/test-results/junit-platform"/>
<property name="sun.java.launcher" value="SUN_STANDARD"/>
<property name="sun.jnu.encoding" value="UTF-8"/>
<property name="sun.management.compiler" value="HotSpot 64-Bit Tiered Compilers"/>
<property name="sun.os.patch.level" value="unknown"/>
<property name="user.country" value=""/>
<property name="user.dir" value="/mnt/c/Users/od_19/OneDrive/Documents/PhD/teaching/OO/12x003/TP/TP6_solutionAvecIntrospection"/>
<property name="user.home" value="/home/od"/>
<property name="user.language" value="en"/>
<property name="user.name" value="od"/>
<property name="user.timezone" value="Europe/Zurich"/>
<property name="user.variant" value=""/>
</properties>
<testcase name="testPotion()" classname="RPGTest" time="0.152">
<system-out><![CDATA[
unique-id: [engine:junit-jupiter]/[class:RPGTest]/[method:testPotion()]
display-name: testPotion()
]]></system-out>
</testcase>
<system-out><![CDATA[
unique-id: [engine:junit-jupiter]
display-name: JUnit Jupiter
]]></system-out>
</testsuite>
